# JRE version: Java(TM) SE Runtime Environment (22.0.1+8) (build 22.0.1+8-16)
# Java VM: Java HotSpot(TM) 64-Bit Server VM (22.0.1+8-16, mixed mode, sharing, tiered, compressed oops, compressed class ptrs, g1 gc, windows-amd64)
GC Precious Log:
 CardTable entry size: 512
 Card Set container configuration: InlinePtr #cards 5 size 8 Array Of Cards #cards 12 size 40 Howl #buckets 4 coarsen threshold 1843 Howl Bitmap #cards 512 size 80 coarsen threshold 460 Card regions per heap region 1 cards per card region 2048
 CPUs: 12 total, 12 available
 Memory: 7521M
 Large Page Support: Disabled
 NUMA Support: Disabled
 Compressed Oops: Enabled (32-bit)
 Heap Region Size: 1M
 Heap Min Capacity: 8M
 Heap Initial Capacity: 118M
 Heap Max Capacity: 2G
 Pre-touch: Disabled
 Parallel Workers: 10
 Concurrent Workers: 3
 Concurrent Refinement Workers: 10
 Periodic GC: Disabled
Heap:
 garbage-first heap   total reserved 2097152K, committed 317440K, used 203584K [0x0000000080000000, 0x0000000100000000)
  region size 1024K, 8 young (8192K), 8 survivors (8192K)
 Metaspace       used 130420K, committed 132928K, reserved 1179648K
  class space    used 18666K, committed 19904K, reserved 1048576K
GC Heap History (20 events):
Event: 15.183 GC heap after
{Heap after GC invocations=37 (full 0):
 garbage-first heap   total reserved 2097152K, committed 238592K, used 133102K [0x0000000080000000, 0x0000000100000000)
  region size 1024K, 10 young (10240K), 10 survivors (10240K)
 Metaspace       used 106451K, committed 108800K, reserved 1179648K
  class space    used 15115K, committed 16256K, reserved 1048576K
}
Event: 15.563 GC heap before
{Heap before GC invocations=37 (full 0):
 garbage-first heap   total reserved 2097152K, committed 238592K, used 212974K [0x0000000080000000, 0x0000000100000000)
  region size 1024K, 89 young (91136K), 10 survivors (10240K)
 Metaspace       used 107325K, committed 109696K, reserved 1179648K
  class space    used 15253K, committed 16384K, reserved 1048576K
}
Event: 15.569 GC heap after
{Heap after GC invocations=38 (full 0):
 garbage-first heap   total reserved 2097152K, committed 238592K, used 135732K [0x0000000080000000, 0x0000000100000000)
  region size 1024K, 6 young (6144K), 6 survivors (6144K)
 Metaspace       used 107325K, committed 109696K, reserved 1179648K
  class space    used 15253K, committed 16384K, reserved 1048576K
}
Event: 15.938 GC heap before
{Heap before GC invocations=38 (full 0):
 garbage-first heap   total reserved 2097152K, committed 238592K, used 214580K [0x0000000080000000, 0x0000000100000000)
  region size 1024K, 84 young (86016K), 6 survivors (6144K)
 Metaspace       used 110287K, committed 112704K, reserved 1179648K
  class space    used 15604K, committed 16768K, reserved 1048576K
}
Event: 15.944 GC heap after
{Heap after GC invocations=39 (full 0):
 garbage-first heap   total reserved 2097152K, committed 238592K, used 140232K [0x0000000080000000, 0x0000000100000000)
  region size 1024K, 10 young (10240K), 10 survivors (10240K)
 Metaspace       used 110287K, committed 112704K, reserved 1179648K
  class space    used 15604K, committed 16768K, reserved 1048576K
}
Event: 16.896 GC heap before
{Heap before GC invocations=40 (full 0):
 garbage-first heap   total reserved 2097152K, committed 238592K, used 213960K [0x0000000080000000, 0x0000000100000000)
  region size 1024K, 83 young (84992K), 10 survivors (10240K)
 Metaspace       used 112918K, committed 115392K, reserved 1179648K
  class space    used 15946K, committed 17152K, reserved 1048576K
}
Event: 16.907 GC heap after
{Heap after GC invocations=41 (full 0):
 garbage-first heap   total reserved 2097152K, committed 238592K, used 146507K [0x0000000080000000, 0x0000000100000000)
  region size 1024K, 9 young (9216K), 9 survivors (9216K)
 Metaspace       used 112918K, committed 115392K, reserved 1179648K
  class space    used 15946K, committed 17152K, reserved 1048576K
}
Event: 17.689 GC heap before
{Heap before GC invocations=41 (full 0):
 garbage-first heap   total reserved 2097152K, committed 238592K, used 214091K [0x0000000080000000, 0x0000000100000000)
  region size 1024K, 76 young (77824K), 9 survivors (9216K)
 Metaspace       used 115304K, committed 117760K, reserved 1179648K
  class space    used 16236K, committed 17472K, reserved 1048576K
}
Event: 17.701 GC heap after
{Heap after GC invocations=42 (full 0):
 garbage-first heap   total reserved 2097152K, committed 238592K, used 152276K [0x0000000080000000, 0x0000000100000000)
  region size 1024K, 10 young (10240K), 10 survivors (10240K)
 Metaspace       used 115304K, committed 117760K, reserved 1179648K
  class space    used 16236K, committed 17472K, reserved 1048576K
}
Event: 18.276 GC heap before
{Heap before GC invocations=42 (full 0):
 garbage-first heap   total reserved 2097152K, committed 238592K, used 213716K [0x0000000080000000, 0x0000000100000000)
  region size 1024K, 71 young (72704K), 10 survivors (10240K)
 Metaspace       used 119332K, committed 121792K, reserved 1179648K
  class space    used 16832K, committed 18048K, reserved 1048576K
}
Event: 18.286 GC heap after
{Heap after GC invocations=43 (full 0):
 garbage-first heap   total reserved 2097152K, committed 238592K, used 160282K [0x0000000080000000, 0x0000000100000000)
  region size 1024K, 8 young (8192K), 8 survivors (8192K)
 Metaspace       used 119332K, committed 121792K, reserved 1179648K
  class space    used 16832K, committed 18048K, reserved 1048576K
}
Event: 18.570 GC heap before
{Heap before GC invocations=44 (full 0):
 garbage-first heap   total reserved 2097152K, committed 268288K, used 214554K [0x0000000080000000, 0x0000000100000000)
  region size 1024K, 62 young (63488K), 8 survivors (8192K)
 Metaspace       used 120453K, committed 122944K, reserved 1179648K
  class space    used 17024K, committed 18240K, reserved 1048576K
}
Event: 18.585 GC heap after
{Heap after GC invocations=45 (full 0):
 garbage-first heap   total reserved 2097152K, committed 268288K, used 171008K [0x0000000080000000, 0x0000000100000000)
  region size 1024K, 8 young (8192K), 8 survivors (8192K)
 Metaspace       used 120453K, committed 122944K, reserved 1179648K
  class space    used 17024K, committed 18240K, reserved 1048576K
}
Event: 18.880 GC heap before
{Heap before GC invocations=45 (full 0):
 garbage-first heap   total reserved 2097152K, committed 268288K, used 239616K [0x0000000080000000, 0x0000000100000000)
  region size 1024K, 76 young (77824K), 8 survivors (8192K)
 Metaspace       used 123662K, committed 126144K, reserved 1179648K
  class space    used 17490K, committed 18688K, reserved 1048576K
}
Event: 18.900 GC heap after
{Heap after GC invocations=46 (full 0):
 garbage-first heap   total reserved 2097152K, committed 268288K, used 180716K [0x0000000080000000, 0x0000000100000000)
  region size 1024K, 10 young (10240K), 10 survivors (10240K)
 Metaspace       used 123662K, committed 126144K, reserved 1179648K
  class space    used 17490K, committed 18688K, reserved 1048576K
}
Event: 19.118 GC heap before
{Heap before GC invocations=46 (full 0):
 garbage-first heap   total reserved 2097152K, committed 268288K, used 243180K [0x0000000080000000, 0x0000000100000000)
  region size 1024K, 71 young (72704K), 10 survivors (10240K)
 Metaspace       used 124982K, committed 127424K, reserved 1179648K
  class space    used 17690K, committed 18880K, reserved 1048576K
}
Event: 19.131 GC heap after
{Heap after GC invocations=47 (full 0):
 garbage-first heap   total reserved 2097152K, committed 268288K, used 190038K [0x0000000080000000, 0x0000000100000000)
  region size 1024K, 9 young (9216K), 9 survivors (9216K)
 Metaspace       used 124982K, committed 127424K, reserved 1179648K
  class space    used 17690K, committed 18880K, reserved 1048576K
}
Event: 19.395 GC heap before
{Heap before GC invocations=48 (full 0):
 garbage-first heap   total reserved 2097152K, committed 317440K, used 241238K [0x0000000080000000, 0x0000000100000000)
  region size 1024K, 60 young (61440K), 9 survivors (9216K)
 Metaspace       used 126222K, committed 128704K, reserved 1179648K
  class space    used 17894K, committed 19072K, reserved 1048576K
}
Event: 19.552 GC heap after
{Heap after GC invocations=49 (full 0):
 garbage-first heap   total reserved 2097152K, committed 317440K, used 198688K [0x0000000080000000, 0x0000000100000000)
  region size 1024K, 8 young (8192K), 8 survivors (8192K)
 Metaspace       used 126222K, committed 128704K, reserved 1179648K
  class space    used 17894K, committed 19072K, reserved 1048576K
}
Event: 20.052 GC heap before
{Heap before GC invocations=49 (full 0):
 garbage-first heap   total reserved 2097152K, committed 317440K, used 283680K [0x0000000080000000, 0x0000000100000000)
  region size 1024K, 92 young (94208K), 8 survivors (8192K)
 Metaspace       used 130420K, committed 132928K, reserved 1179648K
  class space    used 18666K, committed 19904K, reserved 1048576K
}

