# JRE version: OpenJDK Runtime Environment (21.0.6) (build 21.0.6+-13368085-b895.109)
# Java VM: OpenJDK 64-Bit Server VM (21.0.6+-13368085-b895.109, mixed mode, tiered, compressed oops, compressed class ptrs, g1 gc, windows-amd64)
GC Precious Log:
 CardTable entry size: 512
 Card Set container configuration: InlinePtr #cards 5 size 8 Array Of Cards #cards 12 size 40 Howl #buckets 4 coarsen threshold 1843 Howl Bitmap #cards 512 size 80 coarsen threshold 460 Card regions per heap region 1 cards per card region 2048
 CPUs: 12 total, 12 available
 Memory: 7521M
 Large Page Support: Disabled
 NUMA Support: Disabled
 Compressed Oops: Enabled (32-bit)
 Heap Region Size: 1M
 Heap Min Capacity: 8M
 Heap Initial Capacity: 118M
 Heap Max Capacity: 1882M
 Pre-touch: Disabled
 Parallel Workers: 10
 Concurrent Workers: 3
 Concurrent Refinement Workers: 10
 Periodic GC: Disabled
Heap:
 garbage-first heap   total 120832K, used 42751K [0x000000008a600000, 0x0000000100000000)
  region size 1024K, 2 young (2048K), 2 survivors (2048K)
 Metaspace       used 53651K, committed 53952K, reserved 1114112K
  class space    used 6088K, committed 6208K, reserved 1048576K
GC Heap History (20 events):
Event: 2.772 GC heap after
{Heap after GC invocations=7 (full 0):
 garbage-first heap   total 34816K, used 15391K [0x000000008a600000, 0x0000000100000000)
  region size 1024K, 2 young (2048K), 2 survivors (2048K)
 Metaspace       used 34939K, committed 35200K, reserved 1114112K
  class space    used 4209K, committed 4288K, reserved 1048576K
}
Event: 2.827 GC heap before
{Heap before GC invocations=7 (full 0):
 garbage-first heap   total 34816K, used 18463K [0x000000008a600000, 0x0000000100000000)
  region size 1024K, 7 young (7168K), 2 survivors (2048K)
 Metaspace       used 35765K, committed 35968K, reserved 1114112K
  class space    used 4282K, committed 4352K, reserved 1048576K
}
Event: 2.831 GC heap after
{Heap after GC invocations=8 (full 0):
 garbage-first heap   total 41984K, used 15746K [0x000000008a600000, 0x0000000100000000)
  region size 1024K, 1 young (1024K), 1 survivors (1024K)
 Metaspace       used 35765K, committed 35968K, reserved 1114112K
  class space    used 4282K, committed 4352K, reserved 1048576K
}
Event: 3.224 GC heap before
{Heap before GC invocations=9 (full 0):
 garbage-first heap   total 41984K, used 32130K [0x000000008a600000, 0x0000000100000000)
  region size 1024K, 18 young (18432K), 1 survivors (1024K)
 Metaspace       used 40602K, committed 40832K, reserved 1114112K
  class space    used 4778K, committed 4864K, reserved 1048576K
}
Event: 3.228 GC heap after
{Heap after GC invocations=10 (full 0):
 garbage-first heap   total 41984K, used 16402K [0x000000008a600000, 0x0000000100000000)
  region size 1024K, 1 young (1024K), 1 survivors (1024K)
 Metaspace       used 40602K, committed 40832K, reserved 1114112K
  class space    used 4778K, committed 4864K, reserved 1048576K
}
Event: 3.830 GC heap before
{Heap before GC invocations=10 (full 0):
 garbage-first heap   total 41984K, used 34834K [0x000000008a600000, 0x0000000100000000)
  region size 1024K, 19 young (19456K), 1 survivors (1024K)
 Metaspace       used 43666K, committed 43968K, reserved 1114112K
  class space    used 5019K, committed 5184K, reserved 1048576K
}
Event: 3.840 GC heap after
{Heap after GC invocations=11 (full 0):
 garbage-first heap   total 41984K, used 19700K [0x000000008a600000, 0x0000000100000000)
  region size 1024K, 3 young (3072K), 3 survivors (3072K)
 Metaspace       used 43666K, committed 43968K, reserved 1114112K
  class space    used 5019K, committed 5184K, reserved 1048576K
}
Event: 4.211 GC heap before
{Heap before GC invocations=11 (full 0):
 garbage-first heap   total 41984K, used 34036K [0x000000008a600000, 0x0000000100000000)
  region size 1024K, 18 young (18432K), 3 survivors (3072K)
 Metaspace       used 47073K, committed 47360K, reserved 1114112K
  class space    used 5375K, committed 5504K, reserved 1048576K
}
Event: 4.221 GC heap after
{Heap after GC invocations=12 (full 0):
 garbage-first heap   total 41984K, used 21360K [0x000000008a600000, 0x0000000100000000)
  region size 1024K, 2 young (2048K), 2 survivors (2048K)
 Metaspace       used 47073K, committed 47360K, reserved 1114112K
  class space    used 5375K, committed 5504K, reserved 1048576K
}
Event: 4.537 GC heap before
{Heap before GC invocations=12 (full 0):
 garbage-first heap   total 41984K, used 34672K [0x000000008a600000, 0x0000000100000000)
  region size 1024K, 16 young (16384K), 2 survivors (2048K)
 Metaspace       used 48758K, committed 49088K, reserved 1114112K
  class space    used 5550K, committed 5696K, reserved 1048576K
}
Event: 4.551 GC heap after
{Heap after GC invocations=13 (full 0):
 garbage-first heap   total 51200K, used 25276K [0x000000008a600000, 0x0000000100000000)
  region size 1024K, 2 young (2048K), 2 survivors (2048K)
 Metaspace       used 48758K, committed 49088K, reserved 1114112K
  class space    used 5550K, committed 5696K, reserved 1048576K
}
Event: 4.741 GC heap before
{Heap before GC invocations=14 (full 0):
 garbage-first heap   total 51200K, used 42684K [0x000000008a600000, 0x0000000100000000)
  region size 1024K, 18 young (18432K), 2 survivors (2048K)
 Metaspace       used 48924K, committed 49280K, reserved 1114112K
  class space    used 5575K, committed 5760K, reserved 1048576K
}
Event: 4.756 GC heap after
{Heap after GC invocations=15 (full 0):
 garbage-first heap   total 51200K, used 32768K [0x000000008a600000, 0x0000000100000000)
  region size 1024K, 3 young (3072K), 3 survivors (3072K)
 Metaspace       used 48924K, committed 49280K, reserved 1114112K
  class space    used 5575K, committed 5760K, reserved 1048576K
}
Event: 4.799 GC heap before
{Heap before GC invocations=15 (full 0):
 garbage-first heap   total 51200K, used 43008K [0x000000008a600000, 0x0000000100000000)
  region size 1024K, 13 young (13312K), 3 survivors (3072K)
 Metaspace       used 48998K, committed 49344K, reserved 1114112K
  class space    used 5575K, committed 5760K, reserved 1048576K
}
Event: 4.809 GC heap after
{Heap after GC invocations=16 (full 0):
 garbage-first heap   total 51200K, used 36352K [0x000000008a600000, 0x0000000100000000)
  region size 1024K, 2 young (2048K), 2 survivors (2048K)
 Metaspace       used 48998K, committed 49344K, reserved 1114112K
  class space    used 5575K, committed 5760K, reserved 1048576K
}
Event: 4.871 GC heap before
{Heap before GC invocations=16 (full 0):
 garbage-first heap   total 51200K, used 43520K [0x000000008a600000, 0x0000000100000000)
  region size 1024K, 9 young (9216K), 2 survivors (2048K)
 Metaspace       used 49153K, committed 49472K, reserved 1114112K
  class space    used 5588K, committed 5760K, reserved 1048576K
}
Event: 4.877 GC heap after
{Heap after GC invocations=17 (full 0):
 garbage-first heap   total 51200K, used 39486K [0x000000008a600000, 0x0000000100000000)
  region size 1024K, 2 young (2048K), 2 survivors (2048K)
 Metaspace       used 49153K, committed 49472K, reserved 1114112K
  class space    used 5588K, committed 5760K, reserved 1048576K
}
Event: 5.034 GC heap before
{Heap before GC invocations=18 (full 0):
 garbage-first heap   total 66560K, used 44606K [0x000000008a600000, 0x0000000100000000)
  region size 1024K, 7 young (7168K), 2 survivors (2048K)
 Metaspace       used 49566K, committed 49856K, reserved 1114112K
  class space    used 5614K, committed 5760K, reserved 1048576K
}
Event: 5.040 GC heap after
{Heap after GC invocations=19 (full 0):
 garbage-first heap   total 66560K, used 41472K [0x000000008a600000, 0x0000000100000000)
  region size 1024K, 1 young (1024K), 1 survivors (1024K)
 Metaspace       used 49566K, committed 49856K, reserved 1114112K
  class space    used 5614K, committed 5760K, reserved 1048576K
}
Event: 5.702 GC heap before
{Heap before GC invocations=19 (full 0):
 garbage-first heap   total 66560K, used 54784K [0x000000008a600000, 0x0000000100000000)
  region size 1024K, 15 young (15360K), 1 survivors (1024K)
 Metaspace       used 53651K, committed 53952K, reserved 1114112K
  class space    used 6088K, committed 6208K, reserved 1048576K
}

